23:35:52.844 [main] INFO  api.test.UserTests - ***** CreatingUserTestStart  *****
23:35:56.451 [main] INFO  api.test.UserTests - ***** CreatingUserTestEnd  *****
23:35:56.477 [main] INFO  api.test.UserTests - ***** GetUserTestStart  *****
23:35:57.921 [main] INFO  api.test.UserTests - ***** UpdatingUserTestStart  *****
23:36:00.768 [main] INFO  api.test.UserTests - ***** UpdatingUserTestEnd  *****
23:36:00.773 [main] INFO  api.test.UserTests - ***** DeleteUserTestStart  *****
23:36:06.197 [main] INFO  api.test.UserTests - ***** DeleteUserTestEnd  *****
23:36:40.522 [main] INFO  api.test.UserTests - ***** CreatingUserTestStart  *****
23:36:44.783 [main] INFO  api.test.UserTests - ***** CreatingUserTestEnd  *****
23:36:44.805 [main] INFO  api.test.UserTests - ***** GetUserTestStart  *****
23:36:46.359 [main] INFO  api.test.UserTests - ***** UpdatingUserTestStart  *****
23:36:49.308 [main] INFO  api.test.UserTests - ***** DeleteUserTestStart  *****
23:36:50.738 [main] INFO  api.test.UserTests - ***** DeleteUserTestEnd  *****
15:54:36.834 [main] INFO  api.test.UserTests - ***** CreatingUserTestStart  *****
15:54:41.071 [main] INFO  api.test.UserTests - ***** CreatingUserTestEnd  *****
15:54:41.098 [main] INFO  api.test.UserTests - ***** GetUserTestStart  *****
15:54:42.615 [main] INFO  api.test.UserTests - ***** GetUserTestEnd  *****
15:54:42.621 [main] INFO  api.test.UserTests - ***** UpdatingUserTestStart  *****
15:54:45.637 [main] INFO  api.test.UserTests - ***** UpdatingUserTestEnd  *****
15:54:45.642 [main] INFO  api.test.UserTests - ***** DeleteUserTestStart  *****
15:54:47.134 [main] INFO  api.test.UserTests - ***** DeleteUserTestEnd  *****
15:59:23.285 [main] INFO  api.test.UserTests - ***** CreatingUserTestStart  *****
15:59:29.179 [main] INFO  api.test.UserTests - ***** CreatingUserTestEnd  *****
15:59:29.216 [main] INFO  api.test.UserTests - ***** GetUserTestStart  *****
15:59:30.759 [main] INFO  api.test.UserTests - ***** GetUserTestEnd  *****
15:59:30.762 [main] INFO  api.test.UserTests - ***** UpdatingUserTestStart  *****
15:59:33.725 [main] INFO  api.test.UserTests - ***** UpdatingUserTestEnd  *****
15:59:33.728 [main] INFO  api.test.UserTests - ***** DeleteUserTestStart  *****
